Analysis & Synthesis report for exp07
Mon Oct 19 17:09:48 2020
Quartus Prime Version 17.1.0 Build 590 10/25/2017 SJ Lite Edition


---------------------
; Table of Contents ;
---------------------
  1. Legal Notice
  2. Analysis & Synthesis Summary
  3. Analysis & Synthesis Settings
  4. Parallel Compilation
  5. Analysis & Synthesis Source Files Read
  6. Analysis & Synthesis Resource Usage Summary
  7. Analysis & Synthesis Resource Utilization by Entity
  8. Analysis & Synthesis RAM Summary
  9. Analysis & Synthesis IP Cores Summary
 10. Registers Removed During Synthesis
 11. General Register Statistics
 12. Registers Packed Into Inferred Megafunctions
 13. Source assignments for RAM2:r2|altsyncram:altsyncram_component|altsyncram_auv1:auto_generated
 14. Source assignments for RAM1:r1|altsyncram:ram_rtl_0|altsyncram_ppq1:auto_generated
 15. Parameter Settings for User Entity Instance: RAM2:r2|altsyncram:altsyncram_component
 16. Parameter Settings for Inferred Entity Instance: RAM1:r1|altsyncram:ram_rtl_0
 17. altsyncram Parameter Settings by Entity Instance
 18. Port Connectivity Checks: "RAM2:r2"
 19. Port Connectivity Checks: "RAM1:r1"
 20. Post-Synthesis Netlist Statistics for Top Partition
 21. Elapsed Time Per Partition
 22. Analysis & Synthesis Messages
 23. Analysis & Synthesis Suppressed Messages



----------------
; Legal Notice ;
----------------
Copyright (C) 2017  Intel Corporation. All rights reserved.
Your use of Intel Corporation's design tools, logic functions 
and other software and tools, and its AMPP partner logic 
functions, and any output files from any of the foregoing 
(including device programming or simulation files), and any 
associated documentation or information are expressly subject 
to the terms and conditions of the Intel Program License 
Subscription Agreement, the Intel Quartus Prime License Agreement,
the Intel FPGA IP License Agreement, or other applicable license
agreement, including, without limitation, that your use is for
the sole purpose of programming logic devices manufactured by
Intel and sold by Intel or its authorized distributors.  Please
refer to the applicable agreement for further details.



+-------------------------------------------------------------------------------+
; Analysis & Synthesis Summary                                                  ;
+---------------------------------+---------------------------------------------+
; Analysis & Synthesis Status     ; Successful - Mon Oct 19 17:09:48 2020       ;
; Quartus Prime Version           ; 17.1.0 Build 590 10/25/2017 SJ Lite Edition ;
; Revision Name                   ; exp07                                       ;
; Top-level Entity Name           ; exp07                                       ;
; Family                          ; Cyclone V                                   ;
; Logic utilization (in ALMs)     ; N/A                                         ;
; Total registers                 ; 4                                           ;
; Total pins                      ; 67                                          ;
; Total virtual pins              ; 0                                           ;
; Total block memory bits         ; 192                                         ;
; Total DSP Blocks                ; 0                                           ;
; Total HSSI RX PCSs              ; 0                                           ;
; Total HSSI PMA RX Deserializers ; 0                                           ;
; Total HSSI TX PCSs              ; 0                                           ;
; Total HSSI PMA TX Serializers   ; 0                                           ;
; Total PLLs                      ; 0                                           ;
; Total DLLs                      ; 0                                           ;
+---------------------------------+---------------------------------------------+


+---------------------------------------------------------------------------------------------------------------------------+
; Analysis & Synthesis Settings                                                                                             ;
+---------------------------------------------------------------------------------+--------------------+--------------------+
; Option                                                                          ; Setting            ; Default Value      ;
+---------------------------------------------------------------------------------+--------------------+--------------------+
; Device                                                                          ; 5CSXFC6D6F31C6     ;                    ;
; Top-level entity name                                                           ; exp07              ; exp07              ;
; Family name                                                                     ; Cyclone V          ; Cyclone V          ;
; Use smart compilation                                                           ; Off                ; Off                ;
; Enable parallel Assembler and TimeQuest Timing Analyzer during compilation      ; On                 ; On                 ;
; Enable compact report table                                                     ; Off                ; Off                ;
; Restructure Multiplexers                                                        ; Auto               ; Auto               ;
; MLAB Add Timing Constraints For Mixed-Port Feed-Through Mode Setting Don't Care ; Off                ; Off                ;
; Create Debugging Nodes for IP Cores                                             ; Off                ; Off                ;
; Preserve fewer node names                                                       ; On                 ; On                 ;
; Intel FPGA IP Evaluation Mode                                                   ; Enable             ; Enable             ;
; Verilog Version                                                                 ; Verilog_2001       ; Verilog_2001       ;
; VHDL Version                                                                    ; VHDL_1993          ; VHDL_1993          ;
; State Machine Processing                                                        ; Auto               ; Auto               ;
; Safe State Machine                                                              ; Off                ; Off                ;
; Extract Verilog State Machines                                                  ; On                 ; On                 ;
; Extract VHDL State Machines                                                     ; On                 ; On                 ;
; Ignore Verilog initial constructs                                               ; Off                ; Off                ;
; Iteration limit for constant Verilog loops                                      ; 5000               ; 5000               ;
; Iteration limit for non-constant Verilog loops                                  ; 250                ; 250                ;
; Add Pass-Through Logic to Inferred RAMs                                         ; On                 ; On                 ;
; Infer RAMs from Raw Logic                                                       ; On                 ; On                 ;
; Parallel Synthesis                                                              ; On                 ; On                 ;
; DSP Block Balancing                                                             ; Auto               ; Auto               ;
; NOT Gate Push-Back                                                              ; On                 ; On                 ;
; Power-Up Don't Care                                                             ; On                 ; On                 ;
; Remove Redundant Logic Cells                                                    ; Off                ; Off                ;
; Remove Duplicate Registers                                                      ; On                 ; On                 ;
; Ignore CARRY Buffers                                                            ; Off                ; Off                ;
; Ignore CASCADE Buffers                                                          ; Off                ; Off                ;
; Ignore GLOBAL Buffers                                                           ; Off                ; Off                ;
; Ignore ROW GLOBAL Buffers                                                       ; Off                ; Off                ;
; Ignore LCELL Buffers                                                            ; Off                ; Off                ;
; Ignore SOFT Buffers                                                             ; On                 ; On                 ;
; Limit AHDL Integers to 32 Bits                                                  ; Off                ; Off                ;
; Optimization Technique                                                          ; Balanced           ; Balanced           ;
; Carry Chain Length                                                              ; 70                 ; 70                 ;
; Auto Carry Chains                                                               ; On                 ; On                 ;
; Auto Open-Drain Pins                                                            ; On                 ; On                 ;
; Perform WYSIWYG Primitive Resynthesis                                           ; Off                ; Off                ;
; Auto ROM Replacement                                                            ; On                 ; On                 ;
; Auto RAM Replacement                                                            ; On                 ; On                 ;
; Auto DSP Block Replacement                                                      ; On                 ; On                 ;
; Auto Shift Register Replacement                                                 ; Auto               ; Auto               ;
; Allow Shift Register Merging across Hierarchies                                 ; Auto               ; Auto               ;
; Auto Clock Enable Replacement                                                   ; On                 ; On                 ;
; Strict RAM Replacement                                                          ; Off                ; Off                ;
; Allow Synchronous Control Signals                                               ; On                 ; On                 ;
; Force Use of Synchronous Clear Signals                                          ; Off                ; Off                ;
; Auto Resource Sharing                                                           ; Off                ; Off                ;
; Allow Any RAM Size For Recognition                                              ; Off                ; Off                ;
; Allow Any ROM Size For Recognition                                              ; Off                ; Off                ;
; Allow Any Shift Register Size For Recognition                                   ; Off                ; Off                ;
; Use LogicLock Constraints during Resource Balancing                             ; On                 ; On                 ;
; Ignore translate_off and synthesis_off directives                               ; Off                ; Off                ;
; Timing-Driven Synthesis                                                         ; On                 ; On                 ;
; Report Parameter Settings                                                       ; On                 ; On                 ;
; Report Source Assignments                                                       ; On                 ; On                 ;
; Report Connectivity Checks                                                      ; On                 ; On                 ;
; Ignore Maximum Fan-Out Assignments                                              ; Off                ; Off                ;
; Synchronization Register Chain Length                                           ; 3                  ; 3                  ;
; Power Optimization During Synthesis                                             ; Normal compilation ; Normal compilation ;
; HDL message level                                                               ; Level2             ; Level2             ;
; Suppress Register Optimization Related Messages                                 ; Off                ; Off                ;
; Number of Removed Registers Reported in Synthesis Report                        ; 5000               ; 5000               ;
; Number of Swept Nodes Reported in Synthesis Report                              ; 5000               ; 5000               ;
; Number of Inverted Registers Reported in Synthesis Report                       ; 100                ; 100                ;
; Clock MUX Protection                                                            ; On                 ; On                 ;
; Auto Gated Clock Conversion                                                     ; Off                ; Off                ;
; Block Design Naming                                                             ; Auto               ; Auto               ;
; SDC constraint protection                                                       ; Off                ; Off                ;
; Synthesis Effort                                                                ; Auto               ; Auto               ;
; Shift Register Replacement - Allow Asynchronous Clear Signal                    ; On                 ; On                 ;
; Pre-Mapping Resynthesis Optimization                                            ; Off                ; Off                ;
; Analysis & Synthesis Message Level                                              ; Medium             ; Medium             ;
; Disable Register Merging Across Hierarchies                                     ; Auto               ; Auto               ;
; Resource Aware Inference For Block RAM                                          ; On                 ; On                 ;
; Automatic Parallel Synthesis                                                    ; On                 ; On                 ;
; Partial Reconfiguration Bitstream ID                                            ; Off                ; Off                ;
+---------------------------------------------------------------------------------+--------------------+--------------------+


+------------------------------------------+
; Parallel Compilation                     ;
+----------------------------+-------------+
; Processors                 ; Number      ;
+----------------------------+-------------+
; Number detected on machine ; 12          ;
; Maximum allowed            ; 6           ;
;                            ;             ;
; Average used               ; 1.00        ;
; Maximum used               ; 1           ;
;                            ;             ;
; Usage by Processor         ; % Time Used ;
;     Processor 1            ; 100.0%      ;
+----------------------------+-------------+


+------------------------------------------------------------------------------------------------------------------------------------------------------------------------------------------------------+
; Analysis & Synthesis Source Files Read                                                                                                                                                               ;
+-----------------------------------+-----------------+-------------------------------------------------------+------------------------------------------------------------------------------+---------+
; File Name with User-Entered Path  ; Used in Netlist ; File Type                                             ; File Name with Absolute Path                                                 ; Library ;
+-----------------------------------+-----------------+-------------------------------------------------------+------------------------------------------------------------------------------+---------+
; hex15.v                           ; yes             ; User Verilog HDL File                                 ; E:/Quartus/ex07/RAM/hex15.v                                                  ;         ;
; RAM1.v                            ; yes             ; User Verilog HDL File                                 ; E:/Quartus/ex07/RAM/RAM1.v                                                   ;         ;
; init/ram2.mif                     ; yes             ; User Memory Initialization File                       ; E:/Quartus/ex07/RAM/init/ram2.mif                                            ;         ;
; RAM2.v                            ; yes             ; User Wizard-Generated File                            ; E:/Quartus/ex07/RAM/RAM2.v                                                   ;         ;
; init/mem1.txt                     ; yes             ; Auto-Found File                                       ; E:/Quartus/ex07/RAM/init/mem1.txt                                            ;         ;
; exp07.v                           ; yes             ; Auto-Found Verilog HDL File                           ; E:/Quartus/ex07/RAM/exp07.v                                                  ;         ;
; altsyncram.tdf                    ; yes             ; Megafunction                                          ; c:/intelfpga_lite/17.1/quartus/libraries/megafunctions/altsyncram.tdf        ;         ;
; stratix_ram_block.inc             ; yes             ; Megafunction                                          ; c:/intelfpga_lite/17.1/quartus/libraries/megafunctions/stratix_ram_block.inc ;         ;
; lpm_mux.inc                       ; yes             ; Megafunction                                          ; c:/intelfpga_lite/17.1/quartus/libraries/megafunctions/lpm_mux.inc           ;         ;
; lpm_decode.inc                    ; yes             ; Megafunction                                          ; c:/intelfpga_lite/17.1/quartus/libraries/megafunctions/lpm_decode.inc        ;         ;
; aglobal171.inc                    ; yes             ; Megafunction                                          ; c:/intelfpga_lite/17.1/quartus/libraries/megafunctions/aglobal171.inc        ;         ;
; a_rdenreg.inc                     ; yes             ; Megafunction                                          ; c:/intelfpga_lite/17.1/quartus/libraries/megafunctions/a_rdenreg.inc         ;         ;
; altrom.inc                        ; yes             ; Megafunction                                          ; c:/intelfpga_lite/17.1/quartus/libraries/megafunctions/altrom.inc            ;         ;
; altram.inc                        ; yes             ; Megafunction                                          ; c:/intelfpga_lite/17.1/quartus/libraries/megafunctions/altram.inc            ;         ;
; altdpram.inc                      ; yes             ; Megafunction                                          ; c:/intelfpga_lite/17.1/quartus/libraries/megafunctions/altdpram.inc          ;         ;
; db/altsyncram_auv1.tdf            ; yes             ; Auto-Generated Megafunction                           ; E:/Quartus/ex07/RAM/db/altsyncram_auv1.tdf                                   ;         ;
; db/altsyncram_ppq1.tdf            ; yes             ; Auto-Generated Megafunction                           ; E:/Quartus/ex07/RAM/db/altsyncram_ppq1.tdf                                   ;         ;
; db/exp07.ram0_ram1_2b268e.hdl.mif ; yes             ; Auto-Generated Auto-Found Memory Initialization File  ; E:/Quartus/ex07/RAM/db/exp07.ram0_ram1_2b268e.hdl.mif                        ;         ;
+-----------------------------------+-----------------+-------------------------------------------------------+------------------------------------------------------------------------------+---------+


+--------------------------------------------------------------+
; Analysis & Synthesis Resource Usage Summary                  ;
+---------------------------------------------+----------------+
; Resource                                    ; Usage          ;
+---------------------------------------------+----------------+
; Estimate of Logic utilization (ALMs needed) ; 12             ;
;                                             ;                ;
; Combinational ALUT usage for logic          ; 22             ;
;     -- 7 input functions                    ; 0              ;
;     -- 6 input functions                    ; 0              ;
;     -- 5 input functions                    ; 0              ;
;     -- 4 input functions                    ; 21             ;
;     -- <=3 input functions                  ; 1              ;
;                                             ;                ;
; Dedicated logic registers                   ; 4              ;
;                                             ;                ;
; I/O pins                                    ; 67             ;
; Total MLAB memory bits                      ; 0              ;
; Total block memory bits                     ; 192            ;
;                                             ;                ;
; Total DSP Blocks                            ; 0              ;
;                                             ;                ;
; Maximum fan-out node                        ; CLOCK_50~input ;
; Maximum fan-out                             ; 16             ;
; Total fan-out                               ; 312            ;
; Average fan-out                             ; 1.81           ;
+---------------------------------------------+----------------+


+---------------------------------------------------------------------------------------------------------------------------------------------------------------------------------------------------------------------------------------------------------------------+
; Analysis & Synthesis Resource Utilization by Entity                                                                                                                                                                                                                 ;
+-------------------------------------------+---------------------+---------------------------+-------------------+------------+------+--------------+-------------------------------------------------------------------------------+-----------------+--------------+
; Compilation Hierarchy Node                ; Combinational ALUTs ; Dedicated Logic Registers ; Block Memory Bits ; DSP Blocks ; Pins ; Virtual Pins ; Full Hierarchy Name                                                           ; Entity Name     ; Library Name ;
+-------------------------------------------+---------------------+---------------------------+-------------------+------------+------+--------------+-------------------------------------------------------------------------------+-----------------+--------------+
; |exp07                                    ; 22 (1)              ; 4 (0)                     ; 192               ; 0          ; 67   ; 0            ; |exp07                                                                        ; exp07           ; work         ;
;    |RAM1:r1|                              ; 0 (0)               ; 4 (4)                     ; 64                ; 0          ; 0    ; 0            ; |exp07|RAM1:r1                                                                ; RAM1            ; work         ;
;       |altsyncram:ram_rtl_0|              ; 0 (0)               ; 0 (0)                     ; 64                ; 0          ; 0    ; 0            ; |exp07|RAM1:r1|altsyncram:ram_rtl_0                                           ; altsyncram      ; work         ;
;          |altsyncram_ppq1:auto_generated| ; 0 (0)               ; 0 (0)                     ; 64                ; 0          ; 0    ; 0            ; |exp07|RAM1:r1|altsyncram:ram_rtl_0|altsyncram_ppq1:auto_generated            ; altsyncram_ppq1 ; work         ;
;    |RAM2:r2|                              ; 0 (0)               ; 0 (0)                     ; 128               ; 0          ; 0    ; 0            ; |exp07|RAM2:r2                                                                ; RAM2            ; work         ;
;       |altsyncram:altsyncram_component|   ; 0 (0)               ; 0 (0)                     ; 128               ; 0          ; 0    ; 0            ; |exp07|RAM2:r2|altsyncram:altsyncram_component                                ; altsyncram      ; work         ;
;          |altsyncram_auv1:auto_generated| ; 0 (0)               ; 0 (0)                     ; 128               ; 0          ; 0    ; 0            ; |exp07|RAM2:r2|altsyncram:altsyncram_component|altsyncram_auv1:auto_generated ; altsyncram_auv1 ; work         ;
;    |hex15:hex0|                           ; 7 (7)               ; 0 (0)                     ; 0                 ; 0          ; 0    ; 0            ; |exp07|hex15:hex0                                                             ; hex15           ; work         ;
;    |hex15:hex2|                           ; 7 (7)               ; 0 (0)                     ; 0                 ; 0          ; 0    ; 0            ; |exp07|hex15:hex2                                                             ; hex15           ; work         ;
;    |hex15:hex3|                           ; 7 (7)               ; 0 (0)                     ; 0                 ; 0          ; 0    ; 0            ; |exp07|hex15:hex3                                                             ; hex15           ; work         ;
+-------------------------------------------+---------------------+---------------------------+-------------------+------------+------+--------------+-------------------------------------------------------------------------------+-----------------+--------------+
Note: For table entries with two numbers listed, the numbers in parentheses indicate the number of resources of the given type used by the specific entity alone. The numbers listed outside of parentheses indicate the total resources of the given type used by the specific entity and all of its sub-entities in the hierarchy.


+--------------------------------------------------------------------------------------------------------------------------------------------------------------------------------------------------------------------+
; Analysis & Synthesis RAM Summary                                                                                                                                                                                   ;
+-----------------------------------------------------------------------------------+------+------------------+--------------+--------------+--------------+--------------+------+-----------------------------------+
; Name                                                                              ; Type ; Mode             ; Port A Depth ; Port A Width ; Port B Depth ; Port B Width ; Size ; MIF                               ;
+-----------------------------------------------------------------------------------+------+------------------+--------------+--------------+--------------+--------------+------+-----------------------------------+
; RAM1:r1|altsyncram:ram_rtl_0|altsyncram_ppq1:auto_generated|ALTSYNCRAM            ; AUTO ; Simple Dual Port ; 16           ; 8            ; 16           ; 8            ; 128  ; db/exp07.ram0_RAM1_2b268e.hdl.mif ;
; RAM2:r2|altsyncram:altsyncram_component|altsyncram_auv1:auto_generated|ALTSYNCRAM ; AUTO ; Simple Dual Port ; 16           ; 8            ; 16           ; 8            ; 128  ; ./init/ram2.mif                   ;
+-----------------------------------------------------------------------------------+------+------------------+--------------+--------------+--------------+--------------+------+-----------------------------------+


+---------------------------------------------------------------------------------------------------+
; Analysis & Synthesis IP Cores Summary                                                             ;
+--------+--------------+---------+--------------+--------------+-----------------+-----------------+
; Vendor ; IP Core Name ; Version ; Release Date ; License Type ; Entity Instance ; IP Include File ;
+--------+--------------+---------+--------------+--------------+-----------------+-----------------+
; Altera ; RAM: 2-PORT  ; 17.1    ; N/A          ; N/A          ; |exp07|RAM2:r2  ; RAM2.v          ;
+--------+--------------+---------+--------------+--------------+-----------------+-----------------+


+--------------------------------------------------------------------------------+
; Registers Removed During Synthesis                                             ;
+---------------------------------------+----------------------------------------+
; Register name                         ; Reason for Removal                     ;
+---------------------------------------+----------------------------------------+
; RAM1:r1|dout[4..7]                    ; Stuck at GND due to stuck port data_in ;
; Total Number of Removed Registers = 4 ;                                        ;
+---------------------------------------+----------------------------------------+


+------------------------------------------------------+
; General Register Statistics                          ;
+----------------------------------------------+-------+
; Statistic                                    ; Value ;
+----------------------------------------------+-------+
; Total registers                              ; 4     ;
; Number of registers using Synchronous Clear  ; 0     ;
; Number of registers using Synchronous Load   ; 0     ;
; Number of registers using Asynchronous Clear ; 0     ;
; Number of registers using Asynchronous Load  ; 0     ;
; Number of registers using Clock Enable       ; 0     ;
; Number of registers using Preset             ; 0     ;
+----------------------------------------------+-------+


+----------------------------------------------+
; Registers Packed Into Inferred Megafunctions ;
+-------------------+-------------------+------+
; Register Name     ; Megafunction      ; Type ;
+-------------------+-------------------+------+
; RAM1:r1|out[0..3] ; RAM1:r1|ram_rtl_0 ; RAM  ;
+-------------------+-------------------+------+


+-----------------------------------------------------------------------------------------------+
; Source assignments for RAM2:r2|altsyncram:altsyncram_component|altsyncram_auv1:auto_generated ;
+---------------------------------+--------------------+------+---------------------------------+
; Assignment                      ; Value              ; From ; To                              ;
+---------------------------------+--------------------+------+---------------------------------+
; OPTIMIZE_POWER_DURING_SYNTHESIS ; NORMAL_COMPILATION ; -    ; -                               ;
+---------------------------------+--------------------+------+---------------------------------+


+------------------------------------------------------------------------------------+
; Source assignments for RAM1:r1|altsyncram:ram_rtl_0|altsyncram_ppq1:auto_generated ;
+---------------------------------+--------------------+------+----------------------+
; Assignment                      ; Value              ; From ; To                   ;
+---------------------------------+--------------------+------+----------------------+
; OPTIMIZE_POWER_DURING_SYNTHESIS ; NORMAL_COMPILATION ; -    ; -                    ;
+---------------------------------+--------------------+------+----------------------+


+--------------------------------------------------------------------------------------+
; Parameter Settings for User Entity Instance: RAM2:r2|altsyncram:altsyncram_component ;
+------------------------------------+----------------------+--------------------------+
; Parameter Name                     ; Value                ; Type                     ;
+------------------------------------+----------------------+--------------------------+
; BYTE_SIZE_BLOCK                    ; 8                    ; Untyped                  ;
; AUTO_CARRY_CHAINS                  ; ON                   ; AUTO_CARRY               ;
; IGNORE_CARRY_BUFFERS               ; OFF                  ; IGNORE_CARRY             ;
; AUTO_CASCADE_CHAINS                ; ON                   ; AUTO_CASCADE             ;
; IGNORE_CASCADE_BUFFERS             ; OFF                  ; IGNORE_CASCADE           ;
; WIDTH_BYTEENA                      ; 1                    ; Untyped                  ;
; OPERATION_MODE                     ; DUAL_PORT            ; Untyped                  ;
; WIDTH_A                            ; 8                    ; Signed Integer           ;
; WIDTHAD_A                          ; 4                    ; Signed Integer           ;
; NUMWORDS_A                         ; 16                   ; Signed Integer           ;
; OUTDATA_REG_A                      ; UNREGISTERED         ; Untyped                  ;
; ADDRESS_ACLR_A                     ; NONE                 ; Untyped                  ;
; OUTDATA_ACLR_A                     ; NONE                 ; Untyped                  ;
; WRCONTROL_ACLR_A                   ; NONE                 ; Untyped                  ;
; INDATA_ACLR_A                      ; NONE                 ; Untyped                  ;
; BYTEENA_ACLR_A                     ; NONE                 ; Untyped                  ;
; WIDTH_B                            ; 8                    ; Signed Integer           ;
; WIDTHAD_B                          ; 4                    ; Signed Integer           ;
; NUMWORDS_B                         ; 16                   ; Signed Integer           ;
; INDATA_REG_B                       ; CLOCK1               ; Untyped                  ;
; WRCONTROL_WRADDRESS_REG_B          ; CLOCK1               ; Untyped                  ;
; RDCONTROL_REG_B                    ; CLOCK1               ; Untyped                  ;
; ADDRESS_REG_B                      ; CLOCK0               ; Untyped                  ;
; OUTDATA_REG_B                      ; CLOCK0               ; Untyped                  ;
; BYTEENA_REG_B                      ; CLOCK1               ; Untyped                  ;
; INDATA_ACLR_B                      ; NONE                 ; Untyped                  ;
; WRCONTROL_ACLR_B                   ; NONE                 ; Untyped                  ;
; ADDRESS_ACLR_B                     ; NONE                 ; Untyped                  ;
; OUTDATA_ACLR_B                     ; NONE                 ; Untyped                  ;
; RDCONTROL_ACLR_B                   ; NONE                 ; Untyped                  ;
; BYTEENA_ACLR_B                     ; NONE                 ; Untyped                  ;
; WIDTH_BYTEENA_A                    ; 1                    ; Signed Integer           ;
; WIDTH_BYTEENA_B                    ; 1                    ; Untyped                  ;
; RAM_BLOCK_TYPE                     ; AUTO                 ; Untyped                  ;
; BYTE_SIZE                          ; 8                    ; Untyped                  ;
; READ_DURING_WRITE_MODE_MIXED_PORTS ; DONT_CARE            ; Untyped                  ;
; READ_DURING_WRITE_MODE_PORT_A      ; NEW_DATA_NO_NBE_READ ; Untyped                  ;
; READ_DURING_WRITE_MODE_PORT_B      ; NEW_DATA_NO_NBE_READ ; Untyped                  ;
; INIT_FILE                          ; ./init/ram2.mif      ; Untyped                  ;
; INIT_FILE_LAYOUT                   ; PORT_A               ; Untyped                  ;
; MAXIMUM_DEPTH                      ; 0                    ; Untyped                  ;
; CLOCK_ENABLE_INPUT_A               ; BYPASS               ; Untyped                  ;
; CLOCK_ENABLE_INPUT_B               ; BYPASS               ; Untyped                  ;
; CLOCK_ENABLE_OUTPUT_A              ; NORMAL               ; Untyped                  ;
; CLOCK_ENABLE_OUTPUT_B              ; BYPASS               ; Untyped                  ;
; CLOCK_ENABLE_CORE_A                ; USE_INPUT_CLKEN      ; Untyped                  ;
; CLOCK_ENABLE_CORE_B                ; USE_INPUT_CLKEN      ; Untyped                  ;
; ENABLE_ECC                         ; FALSE                ; Untyped                  ;
; ECC_PIPELINE_STAGE_ENABLED         ; FALSE                ; Untyped                  ;
; WIDTH_ECCSTATUS                    ; 3                    ; Untyped                  ;
; DEVICE_FAMILY                      ; Cyclone V            ; Untyped                  ;
; CBXI_PARAMETER                     ; altsyncram_auv1      ; Untyped                  ;
+------------------------------------+----------------------+--------------------------+
Note: In order to hide this table in the UI and the text report file, please set the "Show Parameter Settings in Synthesis Report" option in "Analysis and Synthesis Settings -> More Settings" to "Off".


+-----------------------------------------------------------------------------------------+
; Parameter Settings for Inferred Entity Instance: RAM1:r1|altsyncram:ram_rtl_0           ;
+------------------------------------+-----------------------------------+----------------+
; Parameter Name                     ; Value                             ; Type           ;
+------------------------------------+-----------------------------------+----------------+
; BYTE_SIZE_BLOCK                    ; 8                                 ; Untyped        ;
; AUTO_CARRY_CHAINS                  ; ON                                ; AUTO_CARRY     ;
; IGNORE_CARRY_BUFFERS               ; OFF                               ; IGNORE_CARRY   ;
; AUTO_CASCADE_CHAINS                ; ON                                ; AUTO_CASCADE   ;
; IGNORE_CASCADE_BUFFERS             ; OFF                               ; IGNORE_CASCADE ;
; WIDTH_BYTEENA                      ; 1                                 ; Untyped        ;
; OPERATION_MODE                     ; DUAL_PORT                         ; Untyped        ;
; WIDTH_A                            ; 8                                 ; Untyped        ;
; WIDTHAD_A                          ; 4                                 ; Untyped        ;
; NUMWORDS_A                         ; 16                                ; Untyped        ;
; OUTDATA_REG_A                      ; UNREGISTERED                      ; Untyped        ;
; ADDRESS_ACLR_A                     ; NONE                              ; Untyped        ;
; OUTDATA_ACLR_A                     ; NONE                              ; Untyped        ;
; WRCONTROL_ACLR_A                   ; NONE                              ; Untyped        ;
; INDATA_ACLR_A                      ; NONE                              ; Untyped        ;
; BYTEENA_ACLR_A                     ; NONE                              ; Untyped        ;
; WIDTH_B                            ; 8                                 ; Untyped        ;
; WIDTHAD_B                          ; 4                                 ; Untyped        ;
; NUMWORDS_B                         ; 16                                ; Untyped        ;
; INDATA_REG_B                       ; CLOCK1                            ; Untyped        ;
; WRCONTROL_WRADDRESS_REG_B          ; CLOCK1                            ; Untyped        ;
; RDCONTROL_REG_B                    ; CLOCK1                            ; Untyped        ;
; ADDRESS_REG_B                      ; CLOCK0                            ; Untyped        ;
; OUTDATA_REG_B                      ; UNREGISTERED                      ; Untyped        ;
; BYTEENA_REG_B                      ; CLOCK1                            ; Untyped        ;
; INDATA_ACLR_B                      ; NONE                              ; Untyped        ;
; WRCONTROL_ACLR_B                   ; NONE                              ; Untyped        ;
; ADDRESS_ACLR_B                     ; NONE                              ; Untyped        ;
; OUTDATA_ACLR_B                     ; NONE                              ; Untyped        ;
; RDCONTROL_ACLR_B                   ; NONE                              ; Untyped        ;
; BYTEENA_ACLR_B                     ; NONE                              ; Untyped        ;
; WIDTH_BYTEENA_A                    ; 1                                 ; Untyped        ;
; WIDTH_BYTEENA_B                    ; 1                                 ; Untyped        ;
; RAM_BLOCK_TYPE                     ; AUTO                              ; Untyped        ;
; BYTE_SIZE                          ; 8                                 ; Untyped        ;
; READ_DURING_WRITE_MODE_MIXED_PORTS ; OLD_DATA                          ; Untyped        ;
; READ_DURING_WRITE_MODE_PORT_A      ; NEW_DATA_NO_NBE_READ              ; Untyped        ;
; READ_DURING_WRITE_MODE_PORT_B      ; NEW_DATA_NO_NBE_READ              ; Untyped        ;
; INIT_FILE                          ; db/exp07.ram0_RAM1_2b268e.hdl.mif ; Untyped        ;
; INIT_FILE_LAYOUT                   ; PORT_A                            ; Untyped        ;
; MAXIMUM_DEPTH                      ; 0                                 ; Untyped        ;
; CLOCK_ENABLE_INPUT_A               ; NORMAL                            ; Untyped        ;
; CLOCK_ENABLE_INPUT_B               ; NORMAL                            ; Untyped        ;
; CLOCK_ENABLE_OUTPUT_A              ; NORMAL                            ; Untyped        ;
; CLOCK_ENABLE_OUTPUT_B              ; NORMAL                            ; Untyped        ;
; CLOCK_ENABLE_CORE_A                ; USE_INPUT_CLKEN                   ; Untyped        ;
; CLOCK_ENABLE_CORE_B                ; USE_INPUT_CLKEN                   ; Untyped        ;
; ENABLE_ECC                         ; FALSE                             ; Untyped        ;
; ECC_PIPELINE_STAGE_ENABLED         ; FALSE                             ; Untyped        ;
; WIDTH_ECCSTATUS                    ; 3                                 ; Untyped        ;
; DEVICE_FAMILY                      ; Cyclone V                         ; Untyped        ;
; CBXI_PARAMETER                     ; altsyncram_ppq1                   ; Untyped        ;
+------------------------------------+-----------------------------------+----------------+
Note: In order to hide this table in the UI and the text report file, please set the "Show Parameter Settings in Synthesis Report" option in "Analysis and Synthesis Settings -> More Settings" to "Off".


+-------------------------------------------------------------------------------------+
; altsyncram Parameter Settings by Entity Instance                                    ;
+-------------------------------------------+-----------------------------------------+
; Name                                      ; Value                                   ;
+-------------------------------------------+-----------------------------------------+
; Number of entity instances                ; 2                                       ;
; Entity Instance                           ; RAM2:r2|altsyncram:altsyncram_component ;
;     -- OPERATION_MODE                     ; DUAL_PORT                               ;
;     -- WIDTH_A                            ; 8                                       ;
;     -- NUMWORDS_A                         ; 16                                      ;
;     -- OUTDATA_REG_A                      ; UNREGISTERED                            ;
;     -- WIDTH_B                            ; 8                                       ;
;     -- NUMWORDS_B                         ; 16                                      ;
;     -- ADDRESS_REG_B                      ; CLOCK0                                  ;
;     -- OUTDATA_REG_B                      ; CLOCK0                                  ;
;     -- RAM_BLOCK_TYPE                     ; AUTO                                    ;
;     -- READ_DURING_WRITE_MODE_MIXED_PORTS ; DONT_CARE                               ;
; Entity Instance                           ; RAM1:r1|altsyncram:ram_rtl_0            ;
;     -- OPERATION_MODE                     ; DUAL_PORT                               ;
;     -- WIDTH_A                            ; 8                                       ;
;     -- NUMWORDS_A                         ; 16                                      ;
;     -- OUTDATA_REG_A                      ; UNREGISTERED                            ;
;     -- WIDTH_B                            ; 8                                       ;
;     -- NUMWORDS_B                         ; 16                                      ;
;     -- ADDRESS_REG_B                      ; CLOCK0                                  ;
;     -- OUTDATA_REG_B                      ; UNREGISTERED                            ;
;     -- RAM_BLOCK_TYPE                     ; AUTO                                    ;
;     -- READ_DURING_WRITE_MODE_MIXED_PORTS ; OLD_DATA                                ;
+-------------------------------------------+-----------------------------------------+


+------------------------------------------------------------------------------------------------------------------------------------------------------------------------+
; Port Connectivity Checks: "RAM2:r2"                                                                                                                                    ;
+------+-------+----------+----------------------------------------------------------------------------------------------------------------------------------------------+
; Port ; Type  ; Severity ; Details                                                                                                                                      ;
+------+-------+----------+----------------------------------------------------------------------------------------------------------------------------------------------+
; data ; Input ; Warning  ; Input port expression (2 bits) is smaller than the input port (8 bits) it drives.  Extra input bit(s) "data[7..2]" will be connected to GND. ;
+------+-------+----------+----------------------------------------------------------------------------------------------------------------------------------------------+


+-----------------------------------------------------------------------------------------------------------------------------------------------------------------------+
; Port Connectivity Checks: "RAM1:r1"                                                                                                                                   ;
+------+-------+----------+---------------------------------------------------------------------------------------------------------------------------------------------+
; Port ; Type  ; Severity ; Details                                                                                                                                     ;
+------+-------+----------+---------------------------------------------------------------------------------------------------------------------------------------------+
; din  ; Input ; Warning  ; Input port expression (2 bits) is smaller than the input port (8 bits) it drives.  Extra input bit(s) "din[7..2]" will be connected to GND. ;
+------+-------+----------+---------------------------------------------------------------------------------------------------------------------------------------------+


+-----------------------------------------------------+
; Post-Synthesis Netlist Statistics for Top Partition ;
+-----------------------+-----------------------------+
; Type                  ; Count                       ;
+-----------------------+-----------------------------+
; arriav_ff             ; 4                           ;
;     plain             ; 4                           ;
; arriav_lcell_comb     ; 26                          ;
;     normal            ; 26                          ;
;         0 data inputs ; 2                           ;
;         1 data inputs ; 3                           ;
;         4 data inputs ; 21                          ;
; boundary_port         ; 67                          ;
; stratixv_ram_block    ; 12                          ;
;                       ;                             ;
; Max LUT depth         ; 2.00                        ;
; Average LUT depth     ; 1.00                        ;
+-----------------------+-----------------------------+


+-------------------------------+
; Elapsed Time Per Partition    ;
+----------------+--------------+
; Partition Name ; Elapsed Time ;
+----------------+--------------+
; Top            ; 00:00:01     ;
+----------------+--------------+


+-------------------------------+
; Analysis & Synthesis Messages ;
+-------------------------------+
Info: *******************************************************************
Info: Running Quartus Prime Analysis & Synthesis
    Info: Version 17.1.0 Build 590 10/25/2017 SJ Lite Edition
    Info: Processing started: Mon Oct 19 17:09:21 2020
Info: Command: quartus_map --read_settings_files=on --write_settings_files=off exp07 -c exp07
Warning (18236): Number of processors has not been specified which may cause overloading on shared machines.  Set the global assignment NUM_PARALLEL_PROCESSORS in your QSF to an appropriate value for best performance.
Info (20030): Parallel compilation is enabled and will use 6 of the 6 processors detected
Info (12021): Found 1 design units, including 1 entities, in source file hex15.v
    Info (12023): Found entity 1: hex15 File: E:/Quartus/ex07/RAM/hex15.v Line: 1
Info (12021): Found 1 design units, including 1 entities, in source file clock_1.v
    Info (12023): Found entity 1: clock_1 File: E:/Quartus/ex07/RAM/clock_1.v Line: 1
Info (12021): Found 1 design units, including 1 entities, in source file ram1.v
    Info (12023): Found entity 1: RAM1 File: E:/Quartus/ex07/RAM/RAM1.v Line: 1
Info (12021): Found 1 design units, including 1 entities, in source file v_rams_8.v
    Info (12023): Found entity 1: v_rams_8 File: E:/Quartus/ex07/RAM/v_rams_8.v Line: 1
Info (12021): Found 1 design units, including 1 entities, in source file ram2.v
    Info (12023): Found entity 1: RAM2 File: E:/Quartus/ex07/RAM/RAM2.v Line: 39
Warning (12125): Using design file exp07.v, which is not specified as a design file for the current project, but contains definitions for 1 design units and 1 entities in project
    Info (12023): Found entity 1: exp07 File: E:/Quartus/ex07/RAM/exp07.v Line: 6
Info (12127): Elaborating entity "exp07" for the top level hierarchy
Warning (10034): Output port "LEDR" at exp07.v(18) has no driver File: E:/Quartus/ex07/RAM/exp07.v Line: 18
Info (12128): Elaborating entity "RAM1" for hierarchy "RAM1:r1" File: E:/Quartus/ex07/RAM/exp07.v Line: 64
Warning (10230): Verilog HDL assignment warning at RAM1.v(19): truncated value with size 8 to match size of target (4) File: E:/Quartus/ex07/RAM/RAM1.v Line: 19
Info (12128): Elaborating entity "RAM2" for hierarchy "RAM2:r2" File: E:/Quartus/ex07/RAM/exp07.v Line: 73
Info (12128): Elaborating entity "altsyncram" for hierarchy "RAM2:r2|altsyncram:altsyncram_component" File: E:/Quartus/ex07/RAM/RAM2.v Line: 88
Info (12130): Elaborated megafunction instantiation "RAM2:r2|altsyncram:altsyncram_component" File: E:/Quartus/ex07/RAM/RAM2.v Line: 88
Info (12133): Instantiated megafunction "RAM2:r2|altsyncram:altsyncram_component" with the following parameter: File: E:/Quartus/ex07/RAM/RAM2.v Line: 88
    Info (12134): Parameter "address_aclr_b" = "NONE"
    Info (12134): Parameter "address_reg_b" = "CLOCK0"
    Info (12134): Parameter "clock_enable_input_a" = "BYPASS"
    Info (12134): Parameter "clock_enable_input_b" = "BYPASS"
    Info (12134): Parameter "clock_enable_output_b" = "BYPASS"
    Info (12134): Parameter "init_file" = "./init/ram2.mif"
    Info (12134): Parameter "intended_device_family" = "Cyclone V"
    Info (12134): Parameter "lpm_type" = "altsyncram"
    Info (12134): Parameter "numwords_a" = "16"
    Info (12134): Parameter "numwords_b" = "16"
    Info (12134): Parameter "operation_mode" = "DUAL_PORT"
    Info (12134): Parameter "outdata_aclr_b" = "NONE"
    Info (12134): Parameter "outdata_reg_b" = "CLOCK0"
    Info (12134): Parameter "power_up_uninitialized" = "FALSE"
    Info (12134): Parameter "read_during_write_mode_mixed_ports" = "DONT_CARE"
    Info (12134): Parameter "widthad_a" = "4"
    Info (12134): Parameter "widthad_b" = "4"
    Info (12134): Parameter "width_a" = "8"
    Info (12134): Parameter "width_b" = "8"
    Info (12134): Parameter "width_byteena_a" = "1"
Info (12021): Found 1 design units, including 1 entities, in source file db/altsyncram_auv1.tdf
    Info (12023): Found entity 1: altsyncram_auv1 File: E:/Quartus/ex07/RAM/db/altsyncram_auv1.tdf Line: 27
Info (12128): Elaborating entity "altsyncram_auv1" for hierarchy "RAM2:r2|altsyncram:altsyncram_component|altsyncram_auv1:auto_generated" File: c:/intelfpga_lite/17.1/quartus/libraries/megafunctions/altsyncram.tdf Line: 791
Info (12128): Elaborating entity "hex15" for hierarchy "hex15:hex0" File: E:/Quartus/ex07/RAM/exp07.v Line: 74
Info (19000): Inferred 1 megafunctions from design logic
    Info (276029): Inferred altsyncram megafunction from the following design logic: "RAM1:r1|ram_rtl_0" 
        Info (286033): Parameter OPERATION_MODE set to DUAL_PORT
        Info (286033): Parameter WIDTH_A set to 8
        Info (286033): Parameter WIDTHAD_A set to 4
        Info (286033): Parameter NUMWORDS_A set to 16
        Info (286033): Parameter WIDTH_B set to 8
        Info (286033): Parameter WIDTHAD_B set to 4
        Info (286033): Parameter NUMWORDS_B set to 16
        Info (286033): Parameter ADDRESS_ACLR_A set to NONE
        Info (286033): Parameter OUTDATA_REG_B set to UNREGISTERED
        Info (286033): Parameter ADDRESS_ACLR_B set to NONE
        Info (286033): Parameter OUTDATA_ACLR_B set to NONE
        Info (286033): Parameter ADDRESS_REG_B set to CLOCK0
        Info (286033): Parameter INDATA_ACLR_A set to NONE
        Info (286033): Parameter WRCONTROL_ACLR_A set to NONE
        Info (286033): Parameter INIT_FILE set to db/exp07.ram0_RAM1_2b268e.hdl.mif
        Info (286033): Parameter READ_DURING_WRITE_MODE_MIXED_PORTS set to OLD_DATA
Info (12130): Elaborated megafunction instantiation "RAM1:r1|altsyncram:ram_rtl_0"
Info (12133): Instantiated megafunction "RAM1:r1|altsyncram:ram_rtl_0" with the following parameter:
    Info (12134): Parameter "OPERATION_MODE" = "DUAL_PORT"
    Info (12134): Parameter "WIDTH_A" = "8"
    Info (12134): Parameter "WIDTHAD_A" = "4"
    Info (12134): Parameter "NUMWORDS_A" = "16"
    Info (12134): Parameter "WIDTH_B" = "8"
    Info (12134): Parameter "WIDTHAD_B" = "4"
    Info (12134): Parameter "NUMWORDS_B" = "16"
    Info (12134): Parameter "ADDRESS_ACLR_A" = "NONE"
    Info (12134): Parameter "OUTDATA_REG_B" = "UNREGISTERED"
    Info (12134): Parameter "ADDRESS_ACLR_B" = "NONE"
    Info (12134): Parameter "OUTDATA_ACLR_B" = "NONE"
    Info (12134): Parameter "ADDRESS_REG_B" = "CLOCK0"
    Info (12134): Parameter "INDATA_ACLR_A" = "NONE"
    Info (12134): Parameter "WRCONTROL_ACLR_A" = "NONE"
    Info (12134): Parameter "INIT_FILE" = "db/exp07.ram0_RAM1_2b268e.hdl.mif"
    Info (12134): Parameter "READ_DURING_WRITE_MODE_MIXED_PORTS" = "OLD_DATA"
Info (12021): Found 1 design units, including 1 entities, in source file db/altsyncram_ppq1.tdf
    Info (12023): Found entity 1: altsyncram_ppq1 File: E:/Quartus/ex07/RAM/db/altsyncram_ppq1.tdf Line: 27
Warning (14284): Synthesized away the following node(s):
    Warning (14285): Synthesized away the following RAM node(s):
        Warning (14320): Synthesized away node "RAM1:r1|altsyncram:ram_rtl_0|altsyncram_ppq1:auto_generated|ram_block1a4" File: E:/Quartus/ex07/RAM/db/altsyncram_ppq1.tdf Line: 157
        Warning (14320): Synthesized away node "RAM1:r1|altsyncram:ram_rtl_0|altsyncram_ppq1:auto_generated|ram_block1a5" File: E:/Quartus/ex07/RAM/db/altsyncram_ppq1.tdf Line: 187
        Warning (14320): Synthesized away node "RAM1:r1|altsyncram:ram_rtl_0|altsyncram_ppq1:auto_generated|ram_block1a6" File: E:/Quartus/ex07/RAM/db/altsyncram_ppq1.tdf Line: 217
        Warning (14320): Synthesized away node "RAM1:r1|altsyncram:ram_rtl_0|altsyncram_ppq1:auto_generated|ram_block1a7" File: E:/Quartus/ex07/RAM/db/altsyncram_ppq1.tdf Line: 247
Warning (12241): 2 hierarchies have connectivity warnings - see the Connectivity Checks report folder
Warning (13024): Output pins are stuck at VCC or GND
    Warning (13410): Pin "LEDR[0]" is stuck at GND File: E:/Quartus/ex07/RAM/exp07.v Line: 18
    Warning (13410): Pin "LEDR[1]" is stuck at GND File: E:/Quartus/ex07/RAM/exp07.v Line: 18
    Warning (13410): Pin "LEDR[2]" is stuck at GND File: E:/Quartus/ex07/RAM/exp07.v Line: 18
    Warning (13410): Pin "LEDR[3]" is stuck at GND File: E:/Quartus/ex07/RAM/exp07.v Line: 18
    Warning (13410): Pin "LEDR[4]" is stuck at GND File: E:/Quartus/ex07/RAM/exp07.v Line: 18
    Warning (13410): Pin "LEDR[5]" is stuck at GND File: E:/Quartus/ex07/RAM/exp07.v Line: 18
    Warning (13410): Pin "LEDR[6]" is stuck at GND File: E:/Quartus/ex07/RAM/exp07.v Line: 18
    Warning (13410): Pin "LEDR[7]" is stuck at GND File: E:/Quartus/ex07/RAM/exp07.v Line: 18
    Warning (13410): Pin "LEDR[8]" is stuck at GND File: E:/Quartus/ex07/RAM/exp07.v Line: 18
    Warning (13410): Pin "LEDR[9]" is stuck at GND File: E:/Quartus/ex07/RAM/exp07.v Line: 18
    Warning (13410): Pin "HEX1[0]" is stuck at GND File: E:/Quartus/ex07/RAM/exp07.v Line: 22
    Warning (13410): Pin "HEX1[1]" is stuck at GND File: E:/Quartus/ex07/RAM/exp07.v Line: 22
    Warning (13410): Pin "HEX1[2]" is stuck at GND File: E:/Quartus/ex07/RAM/exp07.v Line: 22
    Warning (13410): Pin "HEX1[3]" is stuck at GND File: E:/Quartus/ex07/RAM/exp07.v Line: 22
    Warning (13410): Pin "HEX1[4]" is stuck at GND File: E:/Quartus/ex07/RAM/exp07.v Line: 22
    Warning (13410): Pin "HEX1[5]" is stuck at GND File: E:/Quartus/ex07/RAM/exp07.v Line: 22
    Warning (13410): Pin "HEX1[6]" is stuck at VCC File: E:/Quartus/ex07/RAM/exp07.v Line: 22
    Warning (13410): Pin "HEX4[0]" is stuck at GND File: E:/Quartus/ex07/RAM/exp07.v Line: 25
    Warning (13410): Pin "HEX4[1]" is stuck at GND File: E:/Quartus/ex07/RAM/exp07.v Line: 25
    Warning (13410): Pin "HEX4[2]" is stuck at GND File: E:/Quartus/ex07/RAM/exp07.v Line: 25
    Warning (13410): Pin "HEX4[3]" is stuck at GND File: E:/Quartus/ex07/RAM/exp07.v Line: 25
    Warning (13410): Pin "HEX4[4]" is stuck at GND File: E:/Quartus/ex07/RAM/exp07.v Line: 25
    Warning (13410): Pin "HEX4[5]" is stuck at GND File: E:/Quartus/ex07/RAM/exp07.v Line: 25
    Warning (13410): Pin "HEX4[6]" is stuck at VCC File: E:/Quartus/ex07/RAM/exp07.v Line: 25
    Warning (13410): Pin "HEX5[0]" is stuck at GND File: E:/Quartus/ex07/RAM/exp07.v Line: 27
    Warning (13410): Pin "HEX5[1]" is stuck at GND File: E:/Quartus/ex07/RAM/exp07.v Line: 27
    Warning (13410): Pin "HEX5[2]" is stuck at GND File: E:/Quartus/ex07/RAM/exp07.v Line: 27
    Warning (13410): Pin "HEX5[3]" is stuck at GND File: E:/Quartus/ex07/RAM/exp07.v Line: 27
    Warning (13410): Pin "HEX5[4]" is stuck at GND File: E:/Quartus/ex07/RAM/exp07.v Line: 27
    Warning (13410): Pin "HEX5[5]" is stuck at GND File: E:/Quartus/ex07/RAM/exp07.v Line: 27
    Warning (13410): Pin "HEX5[6]" is stuck at VCC File: E:/Quartus/ex07/RAM/exp07.v Line: 27
Info (286030): Timing-Driven Synthesis is running
Info (144001): Generated suppressed messages file E:/Quartus/ex07/RAM/exp07.map.smsg
Info (16010): Generating hard_block partition "hard_block:auto_generated_inst"
    Info (16011): Adding 0 node(s), including 0 DDIO, 0 PLL, 0 transceiver and 0 LCELL
Warning (21074): Design contains 3 input pin(s) that do not drive logic
    Warning (15610): No output dependent on input pin "KEY[1]" File: E:/Quartus/ex07/RAM/exp07.v Line: 12
    Warning (15610): No output dependent on input pin "KEY[2]" File: E:/Quartus/ex07/RAM/exp07.v Line: 12
    Warning (15610): No output dependent on input pin "KEY[3]" File: E:/Quartus/ex07/RAM/exp07.v Line: 12
Info (21057): Implemented 105 device resources after synthesis - the final resource count might be different
    Info (21058): Implemented 15 input pins
    Info (21059): Implemented 52 output pins
    Info (21061): Implemented 26 logic cells
    Info (21064): Implemented 12 RAM segments
Info: Quartus Prime Analysis & Synthesis was successful. 0 errors, 47 warnings
    Info: Peak virtual memory: 4842 megabytes
    Info: Processing ended: Mon Oct 19 17:09:48 2020
    Info: Elapsed time: 00:00:27
    Info: Total CPU time (on all processors): 00:00:39


+------------------------------------------+
; Analysis & Synthesis Suppressed Messages ;
+------------------------------------------+
The suppressed messages can be found in E:/Quartus/ex07/RAM/exp07.map.smsg.


