Flow report for shift_register
Wed Oct 14 19:53:18 2020
Quartus Prime Version 17.1.0 Build 590 10/25/2017 SJ Lite Edition


---------------------
; Table of Contents ;
---------------------
  1. Legal Notice
  2. Flow Summary
  3. Flow Settings
  4. Flow Non-Default Global Settings
  5. Flow Elapsed Time
  6. Flow OS Summary
  7. Flow Log
  8. Flow Messages
  9. Flow Suppressed Messages



----------------
; Legal Notice ;
----------------
Copyright (C) 2017  Intel Corporation. All rights reserved.
Your use of Intel Corporation's design tools, logic functions 
and other software and tools, and its AMPP partner logic 
functions, and any output files from any of the foregoing 
(including device programming or simulation files), and any 
associated documentation or information are expressly subject 
to the terms and conditions of the Intel Program License 
Subscription Agreement, the Intel Quartus Prime License Agreement,
the Intel FPGA IP License Agreement, or other applicable license
agreement, including, without limitation, that your use is for
the sole purpose of programming logic devices manufactured by
Intel and sold by Intel or its authorized distributors.  Please
refer to the applicable agreement for further details.



+-------------------------------------------------------------------------------+
; Flow Summary                                                                  ;
+---------------------------------+---------------------------------------------+
; Flow Status                     ; Successful - Wed Oct 14 19:53:17 2020       ;
; Quartus Prime Version           ; 17.1.0 Build 590 10/25/2017 SJ Lite Edition ;
; Revision Name                   ; shift_register                              ;
; Top-level Entity Name           ; shift_register                              ;
; Family                          ; Cyclone V                                   ;
; Device                          ; 5CSXFC6D6F31C6                              ;
; Timing Models                   ; Final                                       ;
; Logic utilization (in ALMs)     ; 32 / 41,910 ( < 1 % )                       ;
; Total registers                 ; 46                                          ;
; Total pins                      ; 25 / 499 ( 5 % )                            ;
; Total virtual pins              ; 0                                           ;
; Total block memory bits         ; 0 / 5,662,720 ( 0 % )                       ;
; Total DSP Blocks                ; 0 / 112 ( 0 % )                             ;
; Total HSSI RX PCSs              ; 0 / 9 ( 0 % )                               ;
; Total HSSI PMA RX Deserializers ; 0 / 9 ( 0 % )                               ;
; Total HSSI TX PCSs              ; 0 / 9 ( 0 % )                               ;
; Total HSSI PMA TX Serializers   ; 0 / 9 ( 0 % )                               ;
; Total PLLs                      ; 0 / 15 ( 0 % )                              ;
; Total DLLs                      ; 0 / 4 ( 0 % )                               ;
+---------------------------------+---------------------------------------------+


+-----------------------------------------+
; Flow Settings                           ;
+-------------------+---------------------+
; Option            ; Setting             ;
+-------------------+---------------------+
; Start date & time ; 10/14/2020 19:52:10 ;
; Main task         ; Compilation         ;
; Revision Name     ; shift_register      ;
+-------------------+---------------------+


+--------------------------------------------------------------------------------------------------------------------------------------+
; Flow Non-Default Global Settings                                                                                                     ;
+--------------------------------------+----------------------------------------+---------------+-------------+------------------------+
; Assignment Name                      ; Value                                  ; Default Value ; Entity Name ; Section Id             ;
+--------------------------------------+----------------------------------------+---------------+-------------+------------------------+
; COMPILER_SIGNATURE_ID                ; 1096334620704.160267632811728          ; --            ; --          ; --                     ;
; EDA_DESIGN_INSTANCE_NAME             ; NA                                     ; --            ; --          ; shift_register_vlg_tst ;
; EDA_NATIVELINK_SIMULATION_TEST_BENCH ; shift_register_vlg_tst                 ; --            ; --          ; eda_simulation         ;
; EDA_OUTPUT_DATA_FORMAT               ; Verilog Hdl                            ; --            ; --          ; eda_simulation         ;
; EDA_SIMULATION_TOOL                  ; ModelSim-Altera (Verilog)              ; <None>        ; --          ; --                     ;
; EDA_TEST_BENCH_ENABLE_STATUS         ; TEST_BENCH_MODE                        ; --            ; --          ; eda_simulation         ;
; EDA_TEST_BENCH_FILE                  ; simulation/modelsim/shift_register.vt  ; --            ; --          ; shift_register_vlg_tst ;
; EDA_TEST_BENCH_MODULE_NAME           ; shift_register_vlg_tst                 ; --            ; --          ; shift_register_vlg_tst ;
; EDA_TEST_BENCH_NAME                  ; shift_register_vlg_tst                 ; --            ; --          ; eda_simulation         ;
; EDA_TIME_SCALE                       ; 1 ps                                   ; --            ; --          ; eda_simulation         ;
; MAX_CORE_JUNCTION_TEMP               ; 85                                     ; --            ; --          ; --                     ;
; MIN_CORE_JUNCTION_TEMP               ; 0                                      ; --            ; --          ; --                     ;
; PARTITION_COLOR                      ; -- (Not supported for targeted family) ; --            ; --          ; Top                    ;
; PARTITION_FITTER_PRESERVATION_LEVEL  ; -- (Not supported for targeted family) ; --            ; --          ; Top                    ;
; PARTITION_NETLIST_TYPE               ; -- (Not supported for targeted family) ; --            ; --          ; Top                    ;
; POWER_BOARD_THERMAL_MODEL            ; None (CONSERVATIVE)                    ; --            ; --          ; --                     ;
; POWER_PRESET_COOLING_SOLUTION        ; 23 MM HEAT SINK WITH 200 LFPM AIRFLOW  ; --            ; --          ; --                     ;
+--------------------------------------+----------------------------------------+---------------+-------------+------------------------+


+-------------------------------------------------------------------------------------------------------------------------------+
; Flow Elapsed Time                                                                                                             ;
+---------------------------+--------------+-------------------------+---------------------+------------------------------------+
; Module Name               ; Elapsed Time ; Average Processors Used ; Peak Virtual Memory ; Total CPU Time (on all processors) ;
+---------------------------+--------------+-------------------------+---------------------+------------------------------------+
; Analysis & Synthesis      ; 00:00:14     ; 1.0                     ; 4852 MB             ; 00:00:24                           ;
; Fitter                    ; 00:00:34     ; 1.0                     ; 6759 MB             ; 00:01:17                           ;
; Assembler                 ; 00:00:07     ; 1.0                     ; 4833 MB             ; 00:00:07                           ;
; TimeQuest Timing Analyzer ; 00:00:07     ; 1.1                     ; 5160 MB             ; 00:00:06                           ;
; EDA Netlist Writer        ; 00:00:02     ; 1.0                     ; 4740 MB             ; 00:00:03                           ;
; Total                     ; 00:01:04     ; --                      ; --                  ; 00:01:57                           ;
+---------------------------+--------------+-------------------------+---------------------+------------------------------------+


+-----------------------------------------------------------------------------------------+
; Flow OS Summary                                                                         ;
+---------------------------+------------------+------------+------------+----------------+
; Module Name               ; Machine Hostname ; OS Name    ; OS Version ; Processor type ;
+---------------------------+------------------+------------+------------+----------------+
; Analysis & Synthesis      ; DESKTOP-DJ82E11  ; Windows 10 ; 10.0       ; x86_64         ;
; Fitter                    ; DESKTOP-DJ82E11  ; Windows 10 ; 10.0       ; x86_64         ;
; Assembler                 ; DESKTOP-DJ82E11  ; Windows 10 ; 10.0       ; x86_64         ;
; TimeQuest Timing Analyzer ; DESKTOP-DJ82E11  ; Windows 10 ; 10.0       ; x86_64         ;
; EDA Netlist Writer        ; DESKTOP-DJ82E11  ; Windows 10 ; 10.0       ; x86_64         ;
+---------------------------+------------------+------------+------------+----------------+


------------
; Flow Log ;
------------
quartus_map --read_settings_files=on --write_settings_files=off shift_register -c shift_register
quartus_fit --read_settings_files=off --write_settings_files=off shift_register -c shift_register
quartus_asm --read_settings_files=off --write_settings_files=off shift_register -c shift_register
quartus_sta shift_register -c shift_register
quartus_eda --read_settings_files=off --write_settings_files=off shift_register -c shift_register



